

Microchip MPLAB XC8 Assembler V2.10 build 88905656 
                                                                                               Fri Jan 31 00:13:27 2020

Microchip MPLAB XC8 C Compiler v2.10 (Free license) build 20190730164152 Og1 
     1                           	processor	18F47Q43
     2                           	fnconf	rparam,??,?,0
     3                           	opt	pw 120
     4                           	opt	flic
     5                           	psect	idataCOMRAM,global,class=CODE,delta=1,noexec
     6                           	psect	cinit,global,reloc=2,class=CODE,delta=1
     7                           	psect	dataCOMRAM,global,class=COMRAM,space=1,delta=1,noexec
     8                           	psect	cstackCOMRAM,global,class=COMRAM,space=1,delta=1,noexec
     9                           	psect	text0,global,reloc=2,class=CODE,delta=1
    10                           	psect	text1,global,reloc=2,class=CODE,delta=1
    11                           	psect	text2,global,reloc=2,class=CODE,delta=1
    12                           	psect	text3,global,reloc=2,class=CODE,delta=1
    13                           	psect	text4,global,reloc=2,class=CODE,delta=1
    14                           	psect	text5,global,reloc=2,class=CODE,delta=1
    15                           	psect	text6,global,reloc=4,class=CODE,delta=1
    16                           	psect	ivt0x8,global,reloc=2,class=CODE,delta=1,noexec,keep,optim=
    17                           	psect	intsave_regs,global,class=BIGRAM,space=1,delta=1,noexec
    18                           	psect	rparam,global,class=COMRAM,space=1,delta=1,noexec
    19  0000                     
    20                           ; Version 2.10
    21                           ; Generated 31/07/2019 GMT
    22                           ; 
    23                           ; Copyright © 2019, Microchip Technology Inc. and its subsidiaries ("Microchip")
    24                           ; All rights reserved.
    25                           ; 
    26                           ; This software is developed by Microchip Technology Inc. and its subsidiaries ("Microch
      +                          ip").
    27                           ; 
    28                           ; Redistribution and use in source and binary forms, with or without modification, are
    29                           ; permitted provided that the following conditions are met:
    30                           ; 
    31                           ;     1. Redistributions of source code must retain the above copyright notice, this lis
      +                          t of
    32                           ;        conditions and the following disclaimer.
    33                           ; 
    34                           ;     2. Redistributions in binary form must reproduce the above copyright notice, this 
      +                          list
    35                           ;        of conditions and the following disclaimer in the documentation and/or other
    36                           ;        materials provided with the distribution.
    37                           ; 
    38                           ;     3. Microchip's name may not be used to endorse or promote products derived from th
      +                          is
    39                           ;        software without specific prior written permission.
    40                           ; 
    41                           ; THIS SOFTWARE IS PROVIDED BY MICROCHIP "AS IS" AND ANY EXPRESS OR IMPLIED WARRANTIES,
    42                           ; INCLUDING, BUT NOT LIMITED TO, THE IMPLIED WARRANTIES OF MERCHANTABILITY AND FITNESS F
      +                          OR
    43                           ; PURPOSE ARE DISCLAIMED.  IN NO EVENT SHALL MICROCHIP BE LIABLE FOR ANY DIRECT, INDIREC
      +                          T,
    44                           ; INCIDENTAL, SPECIAL, EXEMPLARY, OR CONSEQUENTIAL DAMAGES (INCLUDING BUT NOT LIMITED TO
    45                           ; PROCUREMENT OF SUBSTITUTE GOODS OR SERVICES; LOSS OF USE, DATA OR PROFITS; OR BUSINESS
    46                           ; INTERRUPTION) HOWSOEVER CAUSED AND ON ANY THEORY OF LIABILITY, WHETHER IN CONTRACT, ST
      +                          RICT
    47                           ; LIABILITY, OR TORT (INCLUDING NEGLIGENCE OR OTHERWISE) ARISING IN ANY WAY OUT OF THE U
      +                          SE OF
    48                           ; THIS SOFTWARE, EVEN IF ADVISED OF THE POSSIBILITY OF SUCH DAMAGE.
    49                           ; 
    50                           ; 
    51                           ; Code-generator required, PIC18F47Q43 Definitions
    52                           ; 
    53                           ; SFR Addresses
    54  0000                     
    55                           	psect	idataCOMRAM
    56  0002DA                     __pidataCOMRAM:
    57                           	opt callstack 0
    58                           
    59                           ;initializer for main@F16208
    60  0002DA  48                 	db	72
    61  0002DB  65                 	db	101
    62  0002DC  6C                 	db	108
    63  0002DD  6C                 	db	108
    64  0002DE  6F                 	db	111
    65  0002DF  20                 	db	32
    66  0002E0  57                 	db	87
    67  0002E1  6F                 	db	111
    68  0002E2  72                 	db	114
    69  0002E3  6C                 	db	108
    70  0002E4  64                 	db	100
    71  0002E5  20                 	db	32
    72  0002E6  0A                 	db	10
    73  0002E7  00                 	db	0
    74  0000                     _OSCENbits	set	179
    75  0000                     _OSCFRQbits	set	177
    76  0000                     _OSCTUNEbits	set	176
    77  0000                     _OSCCON3bits	set	175
    78  0000                     _OSCCON1bits	set	173
    79  0000                     _ACTCONbits	set	172
    80  0000                     _U1BRGLbits	set	686
    81  0000                     _U1BRGHbits	set	687
    82  0000                     _U1CON1bits	set	684
    83  0000                     _U1CON0bits	set	683
    84  0000                     _RB4PPS	set	525
    85  0000                     _RB0PPS	set	521
    86  0000                     _U1TXB	set	675
    87  0000                     _IPR0bits	set	866
    88  0000                     _SHADCONbits	set	886
    89  0000                     _IOCBNbits	set	1038
    90  0000                     _IVTLOCKbits	set	1113
    91  0000                     _ANSELBbits	set	1032
    92  0000                     _IOCBFbits	set	1039
    93  0000                     _PIE0bits	set	1182
    94  0000                     _INTCON0bits	set	1238
    95  0000                     _PWMENbits	set	1181
    96  0000                     _PWMLOADbits	set	1180
    97  0000                     _PWM1S1P2Lbits	set	1133
    98  0000                     _PWM1S1P2Hbits	set	1134
    99  0000                     _PWM1S1P1Lbits	set	1131
   100  0000                     _PWM1S1P1Hbits	set	1132
   101  0000                     _PWM1S1CFGbits	set	1130
   102  0000                     _PWM1CONbits	set	1129
   103  0000                     _PWM1GIEbits	set	1128
   104  0000                     _PWM1GIRbits	set	1127
   105  0000                     _PWM1PIPOSbits	set	1126
   106  0000                     _PWM1CPREbits	set	1125
   107  0000                     _PWM1PRLbits	set	1123
   108  0000                     _PWM1PRHbits	set	1124
   109  0000                     _PWM1LDSbits	set	1122
   110  0000                     _PWM1CLKbits	set	1121
   111  0000                     _PWM1ERSbits	set	1120
   112  0000                     _TRISBbits	set	1223
   113  0000                     _PIR4bits	set	1202
   114                           
   115                           ; #config settings
   116  0000                     
   117                           	psect	cinit
   118  00020A                     __pcinit:
   119                           	opt callstack 0
   120  00020A                     start_initialization:
   121                           	opt callstack 0
   122  00020A                     __initialization:
   123                           	opt callstack 0
   124                           
   125                           ; Initialize objects allocated to COMRAM (14 bytes)
   126                           ; load TBLPTR registers with __pidataCOMRAM
   127  00020A  0EDA               	movlw	low __pidataCOMRAM
   128  00020C  6EF6               	movwf	tblptrl,c
   129  00020E  0E02               	movlw	high __pidataCOMRAM
   130  000210  6EF7               	movwf	tblptrh,c
   131  000212  0E00               	movlw	low (__pidataCOMRAM shr (0+16))
   132  000214  6EF8               	movwf	tblptru,c
   133  000216  EE01  F114         	lfsr	0,__pdataCOMRAM
   134  00021A  EE10 F00E          	lfsr	1,14
   135  00021E                     copy_data0:
   136  00021E  0009               	tblrd		*+
   137  000220  C4F5 F4EE          	movff	tablat,postinc0
   138  000224  50E5               	movf	postdec1,w,c
   139  000226  50E1               	movf	fsr1l,w,c
   140  000228  E1FA               	bnz	copy_data0
   141                           
   142                           ;
   143                           ; Setup IVTBASE
   144                           ;
   145  00022A  0104               	movlb	4
   146  00022C  0E08               	movlw	(ivt0x8_base shr 0)& (0+255)
   147  00022E  6F5D               	movwf	93,b
   148  000230  0E00               	movlw	(ivt0x8_base shr (0+8))& (0+255)
   149  000232  6F5E               	movwf	94,b
   150  000234  0E00               	movlw	(ivt0x8_base shr (0+16))& (0+255)
   151  000236  6F5F               	movwf	95,b
   152  000238                     end_of_initialization:
   153                           	opt callstack 0
   154  000238                     __end_of__initialization:
   155                           	opt callstack 0
   156  000238  0100               	movlb	0
   157  00023A  EF83  F000         	goto	_main	;jump to C main() function
   158                           
   159                           	psect	dataCOMRAM
   160  000514                     __pdataCOMRAM:
   161                           	opt callstack 0
   162  000514                     main@F16208:
   163                           	opt callstack 0
   164  000514                     	ds	14
   165                           
   166                           	psect	cstackCOMRAM
   167  000501                     __pcstackCOMRAM:
   168                           	opt callstack 0
   169  000501                     main@hello_world:
   170                           	opt callstack 0
   171                           
   172                           ; 14 bytes @ 0x0
   173  000501                     	ds	15
   174  000510                     main@i:
   175                           	opt callstack 0
   176                           
   177                           ; 2 bytes @ 0xF
   178  000510                     	ds	2
   179  000512                     main@i_98:
   180                           	opt callstack 0
   181                           
   182                           ; 2 bytes @ 0x11
   183  000512                     	ds	2
   184                           
   185 ;;
   186 ;;Main: autosize = 0, tempsize = 0, incstack = 0, save=0
   187 ;;
   188 ;; *************** function _main *****************
   189 ;; Defined at:
   190 ;;		line 21 in file "main.c"
   191 ;; Parameters:    Size  Location     Type
   192 ;;		None
   193 ;; Auto vars:     Size  Location     Type
   194 ;;  i               2   17[COMRAM] int 
   195 ;;  hello_world    14    0[COMRAM] unsigned char [14]
   196 ;;  i               2   15[COMRAM] int 
   197 ;;  j               1    0        unsigned char 
   198 ;; Return value:  Size  Location     Type
   199 ;;                  1    wreg      void 
   200 ;; Registers used:
   201 ;;		wreg, fsr1l, fsr1h, fsr2l, fsr2h, status,2, status,0, cstack
   202 ;; Tracked objects:
   203 ;;		On entry : 0/0
   204 ;;		On exit  : 0/0
   205 ;;		Unchanged: 0/0
   206 ;; Data sizes:     COMRAM   BANK5   BANK6   BANK7   BANK8   BANK9  BANK10  BANK11  BANK12  BANK13  BANK14  BANK15  BANK1
      +6  BANK17  BANK18  BANK19  BANK20  BANK21  BANK22  BANK23  BANK24  BANK25  BANK26  BANK27  BANK28  BANK29  BANK30  BANK3
      +1  BANK32  BANK33  BANK34  BANK35  BANK36
   207 ;;      Params:         0       0       0       0       0       0       0       0       0       0       0       0       
      +0       0       0       0       0       0       0       0       0       0       0       0       0       0       0       
      +0       0       0       0       0       0
   208 ;;      Locals:        19       0       0       0       0       0       0       0       0       0       0       0       
      +0       0       0       0       0       0       0       0       0       0       0       0       0       0       0       
      +0       0       0       0       0       0
   209 ;;      Temps:          0       0       0       0       0       0       0       0       0       0       0       0       
      +0       0       0       0       0       0       0       0       0       0       0       0       0       0       0       
      +0       0       0       0       0       0
   210 ;;      Totals:        19       0       0       0       0       0       0       0       0       0       0       0       
      +0       0       0       0       0       0       0       0       0       0       0       0       0       0       0       
      +0       0       0       0       0       0
   211 ;;Total ram usage:       19 bytes
   212 ;; Hardware stack levels required when called:    3
   213 ;; This function calls:
   214 ;;		_initializeHardware
   215 ;; This function is called by:
   216 ;;		Startup code after reset
   217 ;; This function uses a non-reentrant model
   218 ;;
   219                           
   220                           	psect	text0
   221  000106                     __ptext0:
   222                           	opt callstack 0
   223  000106                     _main:
   224                           	opt callstack 125
   225  000106                     
   226                           ;main.c: 25:     char hello_world [] = "Hello World \n";
   227  000106  EE21  F114         	lfsr	2,main@F16208
   228  00010A  EE11  F101         	lfsr	1,main@hello_world
   229  00010E  0E0D               	movlw	13
   230  000110                     u11:
   231  000110  C4DB F4E3          	movff	plusw2,plusw1
   232  000114  06E8               	decf	wreg,f,c
   233  000116  E2FC               	bc	u11
   234  000118                     
   235                           ;main.c: 27:     initializeHardware();
   236  000118  EC4D  F001         	call	_initializeHardware	;wreg free
   237  00011C                     
   238                           ;main.c: 28:     int i = 0;
   239  00011C  0E00               	movlw	0
   240  00011E  6E11               	movwf	(main@i+1)^(0+1280),c
   241  000120  0E00               	movlw	0
   242  000122  6E10               	movwf	main@i^(0+1280),c
   243                           
   244                           ;main.c: 30:     while (hello_world[i] != '\0')
   245  000124  EFA6  F000         	goto	l892
   246  000128                     l22:
   247                           
   248                           ;main.c: 32:          while(PIR4bits.U1TXIF == 0)
   249  000128  A2B2               	btfss	178,1,c	;volatile
   250  00012A  EF99  F000         	goto	u21
   251  00012E  EF9B  F000         	goto	u20
   252  000132                     u21:
   253  000132  EF94  F000         	goto	l22
   254  000136                     u20:
   255  000136                     
   256                           ;main.c: 36:         U1TXB = hello_world[i];
   257  000136  0E01               	movlw	low main@hello_world
   258  000138  2410               	addwf	main@i^(0+1280),w,c
   259  00013A  6ED9               	movwf	fsr2l,c
   260  00013C  0E05               	movlw	high main@hello_world
   261  00013E  2011               	addwfc	(main@i+1)^(0+1280),w,c
   262  000140  6EDA               	movwf	fsr2h,c
   263  000142  50DF               	movf	indf2,w,c
   264  000144  0102               	movlb	2	; () banked
   265  000146  6FA3               	movwf	163,b	;volatile
   266  000148                     
   267                           ; BSR set to: 2
   268                           ;main.c: 37:         i++;
   269  000148  4A10               	infsnz	main@i^(0+1280),f,c
   270  00014A  2A11               	incf	(main@i+1)^(0+1280),f,c
   271  00014C                     l892:
   272                           
   273                           ;main.c: 30:     while (hello_world[i] != '\0')
   274  00014C  0E01               	movlw	low main@hello_world
   275  00014E  2410               	addwf	main@i^(0+1280),w,c
   276  000150  6ED9               	movwf	fsr2l,c
   277  000152  0E05               	movlw	high main@hello_world
   278  000154  2011               	addwfc	(main@i+1)^(0+1280),w,c
   279  000156  6EDA               	movwf	fsr2h,c
   280  000158  50DF               	movf	indf2,w,c
   281  00015A  A4D8               	btfss	status,2,c
   282  00015C  EFB2  F000         	goto	u31
   283  000160  EFB4  F000         	goto	u30
   284  000164                     u31:
   285  000164  EF94  F000         	goto	l22
   286  000168                     u30:
   287  000168                     l26:
   288                           
   289                           ;main.c: 42:     {;main.c: 43:         int i = 0;
   290  000168  0E00               	movlw	0
   291  00016A  6E13               	movwf	(main@i_98+1)^(0+1280),c
   292  00016C  0E00               	movlw	0
   293  00016E  6E12               	movwf	main@i_98^(0+1280),c
   294                           
   295                           ;main.c: 45:         while (hello_world[i] != '\0')
   296  000170  EFCC  F000         	goto	l900
   297  000174                     l29:
   298                           
   299                           ;main.c: 47:              while(PIR4bits.U1TXIF == 0)
   300  000174  A2B2               	btfss	178,1,c	;volatile
   301  000176  EFBF  F000         	goto	u41
   302  00017A  EFC1  F000         	goto	u40
   303  00017E                     u41:
   304  00017E  EFBA  F000         	goto	l29
   305  000182                     u40:
   306  000182                     
   307                           ;main.c: 51:             U1TXB = hello_world[i];
   308  000182  0E01               	movlw	low main@hello_world
   309  000184  2412               	addwf	main@i_98^(0+1280),w,c
   310  000186  6ED9               	movwf	fsr2l,c
   311  000188  0E05               	movlw	high main@hello_world
   312  00018A  2013               	addwfc	(main@i_98+1)^(0+1280),w,c
   313  00018C  6EDA               	movwf	fsr2h,c
   314  00018E  50DF               	movf	indf2,w,c
   315  000190  0102               	movlb	2	; () banked
   316  000192  6FA3               	movwf	163,b	;volatile
   317  000194                     
   318                           ; BSR set to: 2
   319                           ;main.c: 52:             i++;
   320  000194  4A12               	infsnz	main@i_98^(0+1280),f,c
   321  000196  2A13               	incf	(main@i_98+1)^(0+1280),f,c
   322  000198                     l900:
   323                           
   324                           ;main.c: 45:         while (hello_world[i] != '\0')
   325  000198  0E01               	movlw	low main@hello_world
   326  00019A  2412               	addwf	main@i_98^(0+1280),w,c
   327  00019C  6ED9               	movwf	fsr2l,c
   328  00019E  0E05               	movlw	high main@hello_world
   329  0001A0  2013               	addwfc	(main@i_98+1)^(0+1280),w,c
   330  0001A2  6EDA               	movwf	fsr2h,c
   331  0001A4  50DF               	movf	indf2,w,c
   332  0001A6  A4D8               	btfss	status,2,c
   333  0001A8  EFD8  F000         	goto	u51
   334  0001AC  EFDA  F000         	goto	u50
   335  0001B0                     u51:
   336  0001B0  EFBA  F000         	goto	l29
   337  0001B4                     u50:
   338  0001B4  EFB4  F000         	goto	l26
   339  0001B8  EF81  F000         	goto	start
   340  0001BC                     __end_of_main:
   341                           	opt callstack 0
   342                           
   343 ;; *************** function _initializeHardware *****************
   344 ;; Defined at:
   345 ;;		line 21 in file "initializeHardware.c"
   346 ;; Parameters:    Size  Location     Type
   347 ;;		None
   348 ;; Auto vars:     Size  Location     Type
   349 ;;		None
   350 ;; Return value:  Size  Location     Type
   351 ;;                  1    wreg      void 
   352 ;; Registers used:
   353 ;;		wreg, status,2, cstack
   354 ;; Tracked objects:
   355 ;;		On entry : 0/0
   356 ;;		On exit  : 0/0
   357 ;;		Unchanged: 0/0
   358 ;; Data sizes:     COMRAM   BANK5   BANK6   BANK7   BANK8   BANK9  BANK10  BANK11  BANK12  BANK13  BANK14  BANK15  BANK1
      +6  BANK17  BANK18  BANK19  BANK20  BANK21  BANK22  BANK23  BANK24  BANK25  BANK26  BANK27  BANK28  BANK29  BANK30  BANK3
      +1  BANK32  BANK33  BANK34  BANK35  BANK36
   359 ;;      Params:         0       0       0       0       0       0       0       0       0       0       0       0       
      +0       0       0       0       0       0       0       0       0       0       0       0       0       0       0       
      +0       0       0       0       0       0
   360 ;;      Locals:         0       0       0       0       0       0       0       0       0       0       0       0       
      +0       0       0       0       0       0       0       0       0       0       0       0       0       0       0       
      +0       0       0       0       0       0
   361 ;;      Temps:          0       0       0       0       0       0       0       0       0       0       0       0       
      +0       0       0       0       0       0       0       0       0       0       0       0       0       0       0       
      +0       0       0       0       0       0
   362 ;;      Totals:         0       0       0       0       0       0       0       0       0       0       0       0       
      +0       0       0       0       0       0       0       0       0       0       0       0       0       0       0       
      +0       0       0       0       0       0
   363 ;;Total ram usage:        0 bytes
   364 ;; Hardware stack levels used:    1
   365 ;; Hardware stack levels required when called:    2
   366 ;; This function calls:
   367 ;;		_initializeADC_CLK
   368 ;;		_initializeInterrupts
   369 ;;		_initializeOscillator
   370 ;;		_initializeUART
   371 ;; This function is called by:
   372 ;;		_main
   373 ;; This function uses a non-reentrant model
   374 ;;
   375                           
   376                           	psect	text1
   377  00029A                     __ptext1:
   378                           	opt callstack 0
   379  00029A                     _initializeHardware:
   380                           	opt callstack 125
   381  00029A                     
   382                           ;initializeHardware.c: 24:     TRISBbits.TRISB0 = 0;
   383  00029A  90C7               	bcf	199,0,c	;volatile
   384                           
   385                           ;initializeHardware.c: 25:     ANSELBbits.ANSELB0 = 0;
   386  00029C  0104               	movlb	4	; () banked
   387  00029E  9108               	bcf	8,0,b	;volatile
   388                           
   389                           ;initializeHardware.c: 28:     TRISBbits.TRISB4 = 0;
   390  0002A0  98C7               	bcf	199,4,c	;volatile
   391  0002A2                     
   392                           ; BSR set to: 4
   393                           ;initializeHardware.c: 31:     RB0PPS = 0x19;
   394  0002A2  0E19               	movlw	25
   395  0002A4  0102               	movlb	2	; () banked
   396  0002A6  6F09               	movwf	9,b	;volatile
   397                           
   398                           ;initializeHardware.c: 32:     RB4PPS = 0x20;
   399  0002A8  0E20               	movlw	32
   400  0002AA  6F0D               	movwf	13,b	;volatile
   401  0002AC                     
   402                           ; BSR set to: 2
   403                           ;initializeHardware.c: 33:     initializeOscillator();
   404  0002AC  EC1F  F001         	call	_initializeOscillator	;wreg free
   405  0002B0                     
   406                           ;initializeHardware.c: 34:     initializeADC_CLK();
   407  0002B0  ECDE  F000         	call	_initializeADC_CLK	;wreg free
   408  0002B4                     
   409                           ;initializeHardware.c: 35:     initializeInterrupts();
   410  0002B4  EC39  F001         	call	_initializeInterrupts	;wreg free
   411                           
   412                           ;initializeHardware.c: 36:     initializeUART();
   413  0002B8  EC5F  F001         	call	_initializeUART	;wreg free
   414  0002BC  0012               	return		;funcret
   415  0002BE                     __end_of_initializeHardware:
   416                           	opt callstack 0
   417                           
   418 ;; *************** function _initializeUART *****************
   419 ;; Defined at:
   420 ;;		line 203 in file "initializeHardware.c"
   421 ;; Parameters:    Size  Location     Type
   422 ;;		None
   423 ;; Auto vars:     Size  Location     Type
   424 ;;		None
   425 ;; Return value:  Size  Location     Type
   426 ;;                  1    wreg      void 
   427 ;; Registers used:
   428 ;;		wreg, status,2
   429 ;; Tracked objects:
   430 ;;		On entry : 0/0
   431 ;;		On exit  : 0/0
   432 ;;		Unchanged: 0/0
   433 ;; Data sizes:     COMRAM   BANK5   BANK6   BANK7   BANK8   BANK9  BANK10  BANK11  BANK12  BANK13  BANK14  BANK15  BANK1
      +6  BANK17  BANK18  BANK19  BANK20  BANK21  BANK22  BANK23  BANK24  BANK25  BANK26  BANK27  BANK28  BANK29  BANK30  BANK3
      +1  BANK32  BANK33  BANK34  BANK35  BANK36
   434 ;;      Params:         0       0       0       0       0       0       0       0       0       0       0       0       
      +0       0       0       0       0       0       0       0       0       0       0       0       0       0       0       
      +0       0       0       0       0       0
   435 ;;      Locals:         0       0       0       0       0       0       0       0       0       0       0       0       
      +0       0       0       0       0       0       0       0       0       0       0       0       0       0       0       
      +0       0       0       0       0       0
   436 ;;      Temps:          0       0       0       0       0       0       0       0       0       0       0       0       
      +0       0       0       0       0       0       0       0       0       0       0       0       0       0       0       
      +0       0       0       0       0       0
   437 ;;      Totals:         0       0       0       0       0       0       0       0       0       0       0       0       
      +0       0       0       0       0       0       0       0       0       0       0       0       0       0       0       
      +0       0       0       0       0       0
   438 ;;Total ram usage:        0 bytes
   439 ;; Hardware stack levels used:    1
   440 ;; Hardware stack levels required when called:    1
   441 ;; This function calls:
   442 ;;		Nothing
   443 ;; This function is called by:
   444 ;;		_initializeHardware
   445 ;; This function uses a non-reentrant model
   446 ;;
   447                           
   448                           	psect	text2
   449  0002BE                     __ptext2:
   450                           	opt callstack 0
   451  0002BE                     _initializeUART:
   452                           	opt callstack 125
   453  0002BE                     
   454                           ;initializeHardware.c: 206:     U1CON0bits.BRGS = 1;
   455  0002BE  0102               	movlb	2	; () banked
   456  0002C0  8FAB               	bsf	171,7,b	;volatile
   457                           
   458                           ;initializeHardware.c: 207:     U1CON0bits.TXEN = 0;
   459  0002C2  9BAB               	bcf	171,5,b	;volatile
   460                           
   461                           ;initializeHardware.c: 208:     U1CON0bits.RXEN = 0;
   462  0002C4  99AB               	bcf	171,4,b	;volatile
   463  0002C6                     
   464                           ; BSR set to: 2
   465                           ;initializeHardware.c: 209:     U1CON0bits.MODE = 0b0000;
   466  0002C6  0EF0               	movlw	-16
   467  0002C8  17AB               	andwf	171,f,b	;volatile
   468  0002CA                     
   469                           ; BSR set to: 2
   470                           ;initializeHardware.c: 212:     U1CON1bits.ON = 0;
   471  0002CA  9FAC               	bcf	172,7,b	;volatile
   472                           
   473                           ;initializeHardware.c: 217:     U1BRGHbits.BRGH = 6;
   474  0002CC  0E06               	movlw	6
   475  0002CE  6FAF               	movwf	175,b	;volatile
   476                           
   477                           ;initializeHardware.c: 218:     U1BRGLbits.BRGL = 132;
   478  0002D0  0E84               	movlw	132
   479  0002D2  6FAE               	movwf	174,b	;volatile
   480  0002D4                     
   481                           ; BSR set to: 2
   482                           ;initializeHardware.c: 220:     U1CON0bits.TXEN = 1;
   483  0002D4  8BAB               	bsf	171,5,b	;volatile
   484  0002D6                     
   485                           ; BSR set to: 2
   486                           ;initializeHardware.c: 221:      U1CON1bits.ON = 1;
   487  0002D6  8FAC               	bsf	172,7,b	;volatile
   488  0002D8                     
   489                           ; BSR set to: 2
   490  0002D8  0012               	return		;funcret
   491  0002DA                     __end_of_initializeUART:
   492                           	opt callstack 0
   493                           
   494 ;; *************** function _initializeOscillator *****************
   495 ;; Defined at:
   496 ;;		line 41 in file "initializeHardware.c"
   497 ;; Parameters:    Size  Location     Type
   498 ;;		None
   499 ;; Auto vars:     Size  Location     Type
   500 ;;		None
   501 ;; Return value:  Size  Location     Type
   502 ;;                  1    wreg      void 
   503 ;; Registers used:
   504 ;;		wreg, status,2
   505 ;; Tracked objects:
   506 ;;		On entry : 0/0
   507 ;;		On exit  : 0/0
   508 ;;		Unchanged: 0/0
   509 ;; Data sizes:     COMRAM   BANK5   BANK6   BANK7   BANK8   BANK9  BANK10  BANK11  BANK12  BANK13  BANK14  BANK15  BANK1
      +6  BANK17  BANK18  BANK19  BANK20  BANK21  BANK22  BANK23  BANK24  BANK25  BANK26  BANK27  BANK28  BANK29  BANK30  BANK3
      +1  BANK32  BANK33  BANK34  BANK35  BANK36
   510 ;;      Params:         0       0       0       0       0       0       0       0       0       0       0       0       
      +0       0       0       0       0       0       0       0       0       0       0       0       0       0       0       
      +0       0       0       0       0       0
   511 ;;      Locals:         0       0       0       0       0       0       0       0       0       0       0       0       
      +0       0       0       0       0       0       0       0       0       0       0       0       0       0       0       
      +0       0       0       0       0       0
   512 ;;      Temps:          0       0       0       0       0       0       0       0       0       0       0       0       
      +0       0       0       0       0       0       0       0       0       0       0       0       0       0       0       
      +0       0       0       0       0       0
   513 ;;      Totals:         0       0       0       0       0       0       0       0       0       0       0       0       
      +0       0       0       0       0       0       0       0       0       0       0       0       0       0       0       
      +0       0       0       0       0       0
   514 ;;Total ram usage:        0 bytes
   515 ;; Hardware stack levels used:    1
   516 ;; Hardware stack levels required when called:    1
   517 ;; This function calls:
   518 ;;		Nothing
   519 ;; This function is called by:
   520 ;;		_initializeHardware
   521 ;; This function uses a non-reentrant model
   522 ;;
   523                           
   524                           	psect	text3
   525  00023E                     __ptext3:
   526                           	opt callstack 0
   527  00023E                     _initializeOscillator:
   528                           	opt callstack 125
   529  00023E                     
   530                           ;initializeHardware.c: 44:     ACTCONbits.ACTEN = 0;
   531  00023E  0100               	movlb	0	; () banked
   532  000240  9FAC               	bcf	172,7,b	;volatile
   533                           
   534                           ;initializeHardware.c: 45:     ACTCONbits.ACTUD = 0;
   535  000242  9DAC               	bcf	172,6,b	;volatile
   536                           
   537                           ;initializeHardware.c: 46:     ACTCONbits.ACTLOCK = 0;
   538  000244  97AC               	bcf	172,3,b	;volatile
   539                           
   540                           ;initializeHardware.c: 47:     ACTCONbits.ACTORS = 0;
   541  000246  93AC               	bcf	172,1,b	;volatile
   542  000248                     
   543                           ; BSR set to: 0
   544                           ;initializeHardware.c: 51:     OSCCON1bits.NOSC = 0b110;
   545  000248  51AD               	movf	173,w,b	;volatile
   546  00024A  0B8F               	andlw	-113
   547  00024C  0960               	iorlw	96
   548  00024E  6FAD               	movwf	173,b	;volatile
   549                           
   550                           ;initializeHardware.c: 52:     OSCCON1bits.NDIV = 0b0000;
   551  000250  0EF0               	movlw	-16
   552  000252  17AD               	andwf	173,f,b	;volatile
   553  000254                     
   554                           ; BSR set to: 0
   555                           ;initializeHardware.c: 58:     OSCCON3bits.CSWHOLD = 0;
   556  000254  9FAF               	bcf	175,7,b	;volatile
   557  000256                     
   558                           ; BSR set to: 0
   559                           ;initializeHardware.c: 59:     OSCCON3bits.SOSCPWR = 0;
   560  000256  9DAF               	bcf	175,6,b	;volatile
   561                           
   562                           ;initializeHardware.c: 64:     OSCTUNEbits.TUN = 0b000000;
   563  000258  0EC0               	movlw	-64
   564  00025A  17B0               	andwf	176,f,b	;volatile
   565                           
   566                           ;initializeHardware.c: 67:     OSCFRQbits.HFFRQ = 0b1000;
   567  00025C  51B1               	movf	177,w,b	;volatile
   568  00025E  0BF0               	andlw	-16
   569  000260  0908               	iorlw	8
   570  000262  6FB1               	movwf	177,b	;volatile
   571  000264                     
   572                           ; BSR set to: 0
   573                           ;initializeHardware.c: 74:     OSCENbits.EXTOEN = 0;
   574  000264  9FB3               	bcf	179,7,b	;volatile
   575  000266                     
   576                           ; BSR set to: 0
   577                           ;initializeHardware.c: 75:     OSCENbits.HFOEN = 0;
   578  000266  9DB3               	bcf	179,6,b	;volatile
   579  000268                     
   580                           ; BSR set to: 0
   581                           ;initializeHardware.c: 76:     OSCENbits.MFOEN = 0;
   582  000268  9BB3               	bcf	179,5,b	;volatile
   583  00026A                     
   584                           ; BSR set to: 0
   585                           ;initializeHardware.c: 77:     OSCENbits.LFOEN = 0;
   586  00026A  99B3               	bcf	179,4,b	;volatile
   587  00026C                     
   588                           ; BSR set to: 0
   589                           ;initializeHardware.c: 78:     OSCENbits.SOSCEN = 0;
   590  00026C  97B3               	bcf	179,3,b	;volatile
   591  00026E                     
   592                           ; BSR set to: 0
   593                           ;initializeHardware.c: 79:     OSCENbits.ADOEN = 0;
   594  00026E  95B3               	bcf	179,2,b	;volatile
   595  000270                     
   596                           ; BSR set to: 0
   597  000270  0012               	return		;funcret
   598  000272                     __end_of_initializeOscillator:
   599                           	opt callstack 0
   600                           
   601 ;; *************** function _initializeInterrupts *****************
   602 ;; Defined at:
   603 ;;		line 151 in file "initializeHardware.c"
   604 ;; Parameters:    Size  Location     Type
   605 ;;		None
   606 ;; Auto vars:     Size  Location     Type
   607 ;;		None
   608 ;; Return value:  Size  Location     Type
   609 ;;                  1    wreg      void 
   610 ;; Registers used:
   611 ;;		None
   612 ;; Tracked objects:
   613 ;;		On entry : 0/0
   614 ;;		On exit  : 0/0
   615 ;;		Unchanged: 0/0
   616 ;; Data sizes:     COMRAM   BANK5   BANK6   BANK7   BANK8   BANK9  BANK10  BANK11  BANK12  BANK13  BANK14  BANK15  BANK1
      +6  BANK17  BANK18  BANK19  BANK20  BANK21  BANK22  BANK23  BANK24  BANK25  BANK26  BANK27  BANK28  BANK29  BANK30  BANK3
      +1  BANK32  BANK33  BANK34  BANK35  BANK36
   617 ;;      Params:         0       0       0       0       0       0       0       0       0       0       0       0       
      +0       0       0       0       0       0       0       0       0       0       0       0       0       0       0       
      +0       0       0       0       0       0
   618 ;;      Locals:         0       0       0       0       0       0       0       0       0       0       0       0       
      +0       0       0       0       0       0       0       0       0       0       0       0       0       0       0       
      +0       0       0       0       0       0
   619 ;;      Temps:          0       0       0       0       0       0       0       0       0       0       0       0       
      +0       0       0       0       0       0       0       0       0       0       0       0       0       0       0       
      +0       0       0       0       0       0
   620 ;;      Totals:         0       0       0       0       0       0       0       0       0       0       0       0       
      +0       0       0       0       0       0       0       0       0       0       0       0       0       0       0       
      +0       0       0       0       0       0
   621 ;;Total ram usage:        0 bytes
   622 ;; Hardware stack levels used:    1
   623 ;; Hardware stack levels required when called:    1
   624 ;; This function calls:
   625 ;;		Nothing
   626 ;; This function is called by:
   627 ;;		_initializeHardware
   628 ;; This function uses a non-reentrant model
   629 ;;
   630                           
   631                           	psect	text4
   632  000272                     __ptext4:
   633                           	opt callstack 0
   634  000272                     _initializeInterrupts:
   635                           	opt callstack 125
   636  000272                     
   637                           ;initializeHardware.c: 155:     INTCON0bits.GIEH = 0;
   638  000272  9ED6               	bcf	214,7,c	;volatile
   639                           
   640                           ;initializeHardware.c: 156:     INTCON0bits.GIEL = 0;
   641  000274  9CD6               	bcf	214,6,c	;volatile
   642                           
   643                           ;initializeHardware.c: 157:     INTCON0bits.IPEN = 1;
   644  000276  8AD6               	bsf	214,5,c	;volatile
   645                           
   646                           ;initializeHardware.c: 158:     INTCON0bits.INT2EDG = 1;
   647  000278  84D6               	bsf	214,2,c	;volatile
   648                           
   649                           ;initializeHardware.c: 159:     INTCON0bits.INT1EDG = 1;
   650  00027A  82D6               	bsf	214,1,c	;volatile
   651                           
   652                           ;initializeHardware.c: 160:     INTCON0bits.INT0EDG = 1;
   653  00027C  80D6               	bsf	214,0,c	;volatile
   654                           
   655                           ;initializeHardware.c: 174:     IVTLOCKbits.IVTLOCKED = 0x55;
   656  00027E  0104               	movlb	4	; () banked
   657  000280  8159               	bsf	89,0,b	;volatile
   658                           
   659                           ;initializeHardware.c: 175:     IVTLOCKbits.IVTLOCKED = 0xAA;
   660  000282  9159               	bcf	89,0,b	;volatile
   661                           
   662                           ;initializeHardware.c: 176:     IVTLOCKbits.IVTLOCKED = 0x01;
   663  000284  8159               	bsf	89,0,b	;volatile
   664                           
   665                           ;initializeHardware.c: 179:     SHADCONbits.SHADLO = 0;
   666  000286  0103               	movlb	3	; () banked
   667  000288  9176               	bcf	118,0,b	;volatile
   668                           
   669                           ;initializeHardware.c: 182:     PIE0bits.IOCIE = 1;
   670  00028A  8E9E               	bsf	158,7,c	;volatile
   671                           
   672                           ;initializeHardware.c: 185:     IOCBNbits.IOCBN0 = 1;
   673  00028C  0104               	movlb	4	; () banked
   674  00028E  810E               	bsf	14,0,b	;volatile
   675                           
   676                           ;initializeHardware.c: 188:     IPR0bits.IOCIP = 0;
   677  000290  0103               	movlb	3	; () banked
   678  000292  9F62               	bcf	98,7,b	;volatile
   679                           
   680                           ;initializeHardware.c: 198:     INTCON0bits.GIEH = 1;
   681  000294  8ED6               	bsf	214,7,c	;volatile
   682                           
   683                           ;initializeHardware.c: 199:     INTCON0bits.GIEL = 1;
   684  000296  8CD6               	bsf	214,6,c	;volatile
   685  000298                     
   686                           ; BSR set to: 3
   687  000298  0012               	return		;funcret
   688  00029A                     __end_of_initializeInterrupts:
   689                           	opt callstack 0
   690                           
   691 ;; *************** function _initializeADC_CLK *****************
   692 ;; Defined at:
   693 ;;		line 85 in file "initializeHardware.c"
   694 ;; Parameters:    Size  Location     Type
   695 ;;		None
   696 ;; Auto vars:     Size  Location     Type
   697 ;;		None
   698 ;; Return value:  Size  Location     Type
   699 ;;                  1    wreg      void 
   700 ;; Registers used:
   701 ;;		wreg, status,2
   702 ;; Tracked objects:
   703 ;;		On entry : 0/0
   704 ;;		On exit  : 0/0
   705 ;;		Unchanged: 0/0
   706 ;; Data sizes:     COMRAM   BANK5   BANK6   BANK7   BANK8   BANK9  BANK10  BANK11  BANK12  BANK13  BANK14  BANK15  BANK1
      +6  BANK17  BANK18  BANK19  BANK20  BANK21  BANK22  BANK23  BANK24  BANK25  BANK26  BANK27  BANK28  BANK29  BANK30  BANK3
      +1  BANK32  BANK33  BANK34  BANK35  BANK36
   707 ;;      Params:         0       0       0       0       0       0       0       0       0       0       0       0       
      +0       0       0       0       0       0       0       0       0       0       0       0       0       0       0       
      +0       0       0       0       0       0
   708 ;;      Locals:         0       0       0       0       0       0       0       0       0       0       0       0       
      +0       0       0       0       0       0       0       0       0       0       0       0       0       0       0       
      +0       0       0       0       0       0
   709 ;;      Temps:          0       0       0       0       0       0       0       0       0       0       0       0       
      +0       0       0       0       0       0       0       0       0       0       0       0       0       0       0       
      +0       0       0       0       0       0
   710 ;;      Totals:         0       0       0       0       0       0       0       0       0       0       0       0       
      +0       0       0       0       0       0       0       0       0       0       0       0       0       0       0       
      +0       0       0       0       0       0
   711 ;;Total ram usage:        0 bytes
   712 ;; Hardware stack levels used:    1
   713 ;; Hardware stack levels required when called:    1
   714 ;; This function calls:
   715 ;;		Nothing
   716 ;; This function is called by:
   717 ;;		_initializeHardware
   718 ;; This function uses a non-reentrant model
   719 ;;
   720                           
   721                           	psect	text5
   722  0001BC                     __ptext5:
   723                           	opt callstack 0
   724  0001BC                     _initializeADC_CLK:
   725                           	opt callstack 125
   726  0001BC                     
   727                           ;initializeHardware.c: 88:     PWM1ERSbits.ERS = 0b00000;
   728  0001BC  0E00               	movlw	0
   729  0001BE  6E60               	movwf	96,c	;volatile
   730                           
   731                           ;initializeHardware.c: 91:     PWM1CLKbits.CLK = 0b00011;
   732  0001C0  0E03               	movlw	3
   733  0001C2  6E61               	movwf	97,c	;volatile
   734                           
   735                           ;initializeHardware.c: 94:     PWM1LDSbits.LDS = 0b00000;
   736  0001C4  0E00               	movlw	0
   737  0001C6  6E62               	movwf	98,c	;volatile
   738                           
   739                           ;initializeHardware.c: 100:     PWM1PRHbits.PRH = 0;
   740  0001C8  0E00               	movlw	0
   741  0001CA  6E64               	movwf	100,c	;volatile
   742                           
   743                           ;initializeHardware.c: 101:     PWM1PRLbits.PRL = 127;
   744  0001CC  0E7F               	movlw	127
   745  0001CE  6E63               	movwf	99,c	;volatile
   746                           
   747                           ;initializeHardware.c: 104:     PWM1CPREbits.CPRE = 0;
   748  0001D0  0E00               	movlw	0
   749  0001D2  6E65               	movwf	101,c	;volatile
   750                           
   751                           ;initializeHardware.c: 107:     PWM1PIPOSbits.PIPOS = 0;
   752  0001D4  0E00               	movlw	0
   753  0001D6  6E66               	movwf	102,c	;volatile
   754  0001D8                     
   755                           ;initializeHardware.c: 110:     PWM1GIRbits.S1P2IF = 0;
   756  0001D8  9267               	bcf	103,1,c	;volatile
   757  0001DA                     
   758                           ;initializeHardware.c: 111:     PWM1GIRbits.S1P1IF = 0;
   759  0001DA  9067               	bcf	103,0,c	;volatile
   760  0001DC                     
   761                           ;initializeHardware.c: 114:     PWM1GIEbits.S1P2IE = 0;
   762  0001DC  9268               	bcf	104,1,c	;volatile
   763  0001DE                     
   764                           ;initializeHardware.c: 115:     PWM1GIEbits.S1P1IE = 0;
   765  0001DE  9068               	bcf	104,0,c	;volatile
   766  0001E0                     
   767                           ;initializeHardware.c: 118:     PWM1CONbits.EN = 0;
   768  0001E0  9E69               	bcf	105,7,c	;volatile
   769  0001E2                     
   770                           ;initializeHardware.c: 119:     PWM1CONbits.LD = 0;
   771  0001E2  9469               	bcf	105,2,c	;volatile
   772  0001E4                     
   773                           ;initializeHardware.c: 120:     PWM1CONbits.ERSPOL = 0;
   774  0001E4  9269               	bcf	105,1,c	;volatile
   775  0001E6                     
   776                           ;initializeHardware.c: 121:     PWM1CONbits.ERSNOW = 0;
   777  0001E6  9069               	bcf	105,0,c	;volatile
   778  0001E8                     
   779                           ;initializeHardware.c: 124:     PWM1S1CFGbits.POL2 = 0;
   780  0001E8  9E6A               	bcf	106,7,c	;volatile
   781  0001EA                     
   782                           ;initializeHardware.c: 125:     PWM1S1CFGbits.POL1 = 0;
   783  0001EA  9C6A               	bcf	106,6,c	;volatile
   784  0001EC                     
   785                           ;initializeHardware.c: 126:     PWM1S1CFGbits.PPEN = 0;
   786  0001EC  966A               	bcf	106,3,c	;volatile
   787                           
   788                           ;initializeHardware.c: 127:     PWM1S1CFGbits.MODE = 0b000;
   789  0001EE  0EF8               	movlw	-8
   790  0001F0  166A               	andwf	106,f,c	;volatile
   791                           
   792                           ;initializeHardware.c: 132:     PWM1S1P1Hbits.S1P1H = 0x00;
   793  0001F2  0E00               	movlw	0
   794  0001F4  6E6C               	movwf	108,c	;volatile
   795                           
   796                           ;initializeHardware.c: 133:     PWM1S1P1Lbits.S1P1L = 0x40;
   797  0001F6  0E40               	movlw	64
   798  0001F8  6E6B               	movwf	107,c	;volatile
   799                           
   800                           ;initializeHardware.c: 138:     PWM1S1P2Hbits.S1P2H = 0x00;
   801  0001FA  0E00               	movlw	0
   802  0001FC  6E6E               	movwf	110,c	;volatile
   803                           
   804                           ;initializeHardware.c: 139:     PWM1S1P2Lbits.S1P2L = 0x40;
   805  0001FE  0E40               	movlw	64
   806  000200  6E6D               	movwf	109,c	;volatile
   807  000202                     
   808                           ;initializeHardware.c: 143:     PWMLOADbits.MPWM1LD = 0;
   809  000202  909C               	bcf	156,0,c	;volatile
   810  000204                     
   811                           ;initializeHardware.c: 146:     PWMENbits.MPWM1EN = 0;
   812  000204  909D               	bcf	157,0,c	;volatile
   813  000206                     
   814                           ;initializeHardware.c: 148:     PWM1CONbits.EN = 1;
   815  000206  8E69               	bsf	105,7,c	;volatile
   816  000208  0012               	return		;funcret
   817  00020A                     __end_of_initializeADC_CLK:
   818                           	opt callstack 0
   819                           
   820 ;; *************** function _Default_ISR_3 *****************
   821 ;; Defined at:
   822 ;;		line 15 in file "main.c"
   823 ;; Parameters:    Size  Location     Type
   824 ;;		None
   825 ;; Auto vars:     Size  Location     Type
   826 ;;		None
   827 ;; Return value:  Size  Location     Type
   828 ;;                  1    wreg      void 
   829 ;; Registers used:
   830 ;;		None
   831 ;; Tracked objects:
   832 ;;		On entry : 0/0
   833 ;;		On exit  : 0/0
   834 ;;		Unchanged: 0/0
   835 ;; Data sizes:     COMRAM   BANK5   BANK6   BANK7   BANK8   BANK9  BANK10  BANK11  BANK12  BANK13  BANK14  BANK15  BANK1
      +6  BANK17  BANK18  BANK19  BANK20  BANK21  BANK22  BANK23  BANK24  BANK25  BANK26  BANK27  BANK28  BANK29  BANK30  BANK3
      +1  BANK32  BANK33  BANK34  BANK35  BANK36
   836 ;;      Params:         0       0       0       0       0       0       0       0       0       0       0       0       
      +0       0       0       0       0       0       0       0       0       0       0       0       0       0       0       
      +0       0       0       0       0       0
   837 ;;      Locals:         0       0       0       0       0       0       0       0       0       0       0       0       
      +0       0       0       0       0       0       0       0       0       0       0       0       0       0       0       
      +0       0       0       0       0       0
   838 ;;      Temps:          0       0       0       0       0       0       0       0       0       0       0       0       
      +0       0       0       0       0       0       0       0       0       0       0       0       0       0       0       
      +0       0       0       0       0       0
   839 ;;      Totals:         0       0       0       0       0       0       0       0       0       0       0       0       
      +0       0       0       0       0       0       0       0       0       0       0       0       0       0       0       
      +0       0       0       0       0       0
   840 ;;Total ram usage:        0 bytes
   841 ;; Hardware stack levels used:    1
   842 ;; This function calls:
   843 ;;		Nothing
   844 ;; This function is called by:
   845 ;;		Interrupt level 1
   846 ;; This function uses a non-reentrant model
   847 ;;
   848                           
   849                           	psect	text6
   850  0002E8                     __ptext6:
   851                           	opt callstack 0
   852  0002E8                     _Default_ISR_3:
   853                           	opt callstack 125
   854  0002E8                     
   855                           ;main.c: 17:     IOCBFbits.IOCBF0 = 0;
   856  0002E8  0104               	movlb	4	; () banked
   857  0002EA  910F               	bcf	15,0,b	;volatile
   858  0002EC                     
   859                           ; BSR set to: 4
   860  0002EC  0011               	retfie		f
   861  0002EE                     __end_of_Default_ISR_3:
   862                           	opt callstack 0
   863                           
   864                           ;
   865                           ; Interrupt Vector Table @ 0x8
   866                           ;
   867                           
   868                           	psect	ivt0x8
   869  000008                     __pivt0x8:
   870                           	opt callstack 0
   871  000008                     ivt0x8_base:
   872                           	opt callstack 0
   873                           
   874                           ; Vector 0 : SWINT
   875  000008  0040               	dw	ivt0x8_undefint shr (0+2)
   876                           
   877                           ; Vector 1 : HLVD
   878  00000A  0040               	dw	ivt0x8_undefint shr (0+2)
   879                           
   880                           ; Vector 2 : OSF
   881  00000C  0040               	dw	ivt0x8_undefint shr (0+2)
   882                           
   883                           ; Vector 3 : CSW
   884  00000E  0040               	dw	ivt0x8_undefint shr (0+2)
   885                           
   886                           ; Vector 4 : Undefined
   887  000010  0040               	dw	ivt0x8_undefint shr (0+2)
   888                           
   889                           ; Vector 5 : CLC1
   890  000012  0040               	dw	ivt0x8_undefint shr (0+2)
   891                           
   892                           ; Vector 6 : Undefined
   893  000014  0040               	dw	ivt0x8_undefint shr (0+2)
   894                           
   895                           ; Vector 7 : IOC
   896  000016  00BA               	dw	_Default_ISR_3 shr (0+2)
   897                           
   898                           ; Vector 8 : INT0
   899  000018  0040               	dw	ivt0x8_undefint shr (0+2)
   900                           
   901                           ; Vector 9 : ZCD
   902  00001A  0040               	dw	ivt0x8_undefint shr (0+2)
   903                           
   904                           ; Vector 10 : AD
   905  00001C  0040               	dw	ivt0x8_undefint shr (0+2)
   906                           
   907                           ; Vector 11 : ACT
   908  00001E  0040               	dw	ivt0x8_undefint shr (0+2)
   909                           
   910                           ; Vector 12 : CMP1
   911  000020  0040               	dw	ivt0x8_undefint shr (0+2)
   912                           
   913                           ; Vector 13 : SMT1
   914  000022  0040               	dw	ivt0x8_undefint shr (0+2)
   915                           
   916                           ; Vector 14 : SMT1PRA
   917  000024  0040               	dw	ivt0x8_undefint shr (0+2)
   918                           
   919                           ; Vector 15 : SMT1PRW
   920  000026  0040               	dw	ivt0x8_undefint shr (0+2)
   921                           
   922                           ; Vector 16 : ADT
   923  000028  0040               	dw	ivt0x8_undefint shr (0+2)
   924                           
   925                           ; Vector 17 : Undefined
   926  00002A  0040               	dw	ivt0x8_undefint shr (0+2)
   927                           
   928                           ; Vector 18 : Undefined
   929  00002C  0040               	dw	ivt0x8_undefint shr (0+2)
   930                           
   931                           ; Vector 19 : Undefined
   932  00002E  0040               	dw	ivt0x8_undefint shr (0+2)
   933                           
   934                           ; Vector 20 : DMA1SCNT
   935  000030  0040               	dw	ivt0x8_undefint shr (0+2)
   936                           
   937                           ; Vector 21 : DMA1DCNT
   938  000032  0040               	dw	ivt0x8_undefint shr (0+2)
   939                           
   940                           ; Vector 22 : DMA1OR
   941  000034  0040               	dw	ivt0x8_undefint shr (0+2)
   942                           
   943                           ; Vector 23 : DMA1A
   944  000036  0040               	dw	ivt0x8_undefint shr (0+2)
   945                           
   946                           ; Vector 24 : SPI1RX
   947  000038  0040               	dw	ivt0x8_undefint shr (0+2)
   948                           
   949                           ; Vector 25 : SPI1TX
   950  00003A  0040               	dw	ivt0x8_undefint shr (0+2)
   951                           
   952                           ; Vector 26 : SPI1
   953  00003C  0040               	dw	ivt0x8_undefint shr (0+2)
   954                           
   955                           ; Vector 27 : TMR2
   956  00003E  0040               	dw	ivt0x8_undefint shr (0+2)
   957                           
   958                           ; Vector 28 : TMR1
   959  000040  0040               	dw	ivt0x8_undefint shr (0+2)
   960                           
   961                           ; Vector 29 : TMR1G
   962  000042  0040               	dw	ivt0x8_undefint shr (0+2)
   963                           
   964                           ; Vector 30 : CCP1
   965  000044  0040               	dw	ivt0x8_undefint shr (0+2)
   966                           
   967                           ; Vector 31 : TMR0
   968  000046  0040               	dw	ivt0x8_undefint shr (0+2)
   969                           
   970                           ; Vector 32 : U1RX
   971  000048  0040               	dw	ivt0x8_undefint shr (0+2)
   972                           
   973                           ; Vector 33 : U1TX
   974  00004A  0040               	dw	ivt0x8_undefint shr (0+2)
   975                           
   976                           ; Vector 34 : U1E
   977  00004C  0040               	dw	ivt0x8_undefint shr (0+2)
   978                           
   979                           ; Vector 35 : U1
   980  00004E  0040               	dw	ivt0x8_undefint shr (0+2)
   981                           
   982                           ; Vector 36 : Undefined
   983  000050  0040               	dw	ivt0x8_undefint shr (0+2)
   984                           
   985                           ; Vector 37 : Undefined
   986  000052  0040               	dw	ivt0x8_undefint shr (0+2)
   987                           
   988                           ; Vector 38 : PWM1PR
   989  000054  0040               	dw	ivt0x8_undefint shr (0+2)
   990                           
   991                           ; Vector 39 : PWM1
   992  000056  0040               	dw	ivt0x8_undefint shr (0+2)
   993                           
   994                           ; Vector 40 : SPI2RX
   995  000058  0040               	dw	ivt0x8_undefint shr (0+2)
   996                           
   997                           ; Vector 41 : SPI2TX
   998  00005A  0040               	dw	ivt0x8_undefint shr (0+2)
   999                           
  1000                           ; Vector 42 : SPI2
  1001  00005C  0040               	dw	ivt0x8_undefint shr (0+2)
  1002                           
  1003                           ; Vector 43 : Undefined
  1004  00005E  0040               	dw	ivt0x8_undefint shr (0+2)
  1005                           
  1006                           ; Vector 44 : TMR3
  1007  000060  0040               	dw	ivt0x8_undefint shr (0+2)
  1008                           
  1009                           ; Vector 45 : TMR3G
  1010  000062  0040               	dw	ivt0x8_undefint shr (0+2)
  1011                           
  1012                           ; Vector 46 : PWM2PR
  1013  000064  0040               	dw	ivt0x8_undefint shr (0+2)
  1014                           
  1015                           ; Vector 47 : PWM2
  1016  000066  0040               	dw	ivt0x8_undefint shr (0+2)
  1017                           
  1018                           ; Vector 48 : INT1
  1019  000068  0040               	dw	ivt0x8_undefint shr (0+2)
  1020                           
  1021                           ; Vector 49 : CLC2
  1022  00006A  0040               	dw	ivt0x8_undefint shr (0+2)
  1023                           
  1024                           ; Vector 50 : CWG1
  1025  00006C  0040               	dw	ivt0x8_undefint shr (0+2)
  1026                           
  1027                           ; Vector 51 : NCO1
  1028  00006E  0040               	dw	ivt0x8_undefint shr (0+2)
  1029                           
  1030                           ; Vector 52 : DMA2SCNT
  1031  000070  0040               	dw	ivt0x8_undefint shr (0+2)
  1032                           
  1033                           ; Vector 53 : DMA2DCNT
  1034  000072  0040               	dw	ivt0x8_undefint shr (0+2)
  1035                           
  1036                           ; Vector 54 : DMA2OR
  1037  000074  0040               	dw	ivt0x8_undefint shr (0+2)
  1038                           
  1039                           ; Vector 55 : DMA2A
  1040  000076  0040               	dw	ivt0x8_undefint shr (0+2)
  1041                           
  1042                           ; Vector 56 : I2C1RX
  1043  000078  0040               	dw	ivt0x8_undefint shr (0+2)
  1044                           
  1045                           ; Vector 57 : I2C1TX
  1046  00007A  0040               	dw	ivt0x8_undefint shr (0+2)
  1047                           
  1048                           ; Vector 58 : I2C1
  1049  00007C  0040               	dw	ivt0x8_undefint shr (0+2)
  1050                           
  1051                           ; Vector 59 : I2C1E
  1052  00007E  0040               	dw	ivt0x8_undefint shr (0+2)
  1053                           
  1054                           ; Vector 60 : Undefined
  1055  000080  0040               	dw	ivt0x8_undefint shr (0+2)
  1056                           
  1057                           ; Vector 61 : CLC3
  1058  000082  0040               	dw	ivt0x8_undefint shr (0+2)
  1059                           
  1060                           ; Vector 62 : PWM3PR
  1061  000084  0040               	dw	ivt0x8_undefint shr (0+2)
  1062                           
  1063                           ; Vector 63 : PWM3
  1064  000086  0040               	dw	ivt0x8_undefint shr (0+2)
  1065                           
  1066                           ; Vector 64 : U2RX
  1067  000088  0040               	dw	ivt0x8_undefint shr (0+2)
  1068                           
  1069                           ; Vector 65 : U2TX
  1070  00008A  0040               	dw	ivt0x8_undefint shr (0+2)
  1071                           
  1072                           ; Vector 66 : U2E
  1073  00008C  0040               	dw	ivt0x8_undefint shr (0+2)
  1074                           
  1075                           ; Vector 67 : U2
  1076  00008E  0040               	dw	ivt0x8_undefint shr (0+2)
  1077                           
  1078                           ; Vector 68 : TMR5
  1079  000090  0040               	dw	ivt0x8_undefint shr (0+2)
  1080                           
  1081                           ; Vector 69 : TMR5G
  1082  000092  0040               	dw	ivt0x8_undefint shr (0+2)
  1083                           
  1084                           ; Vector 70 : CCP2
  1085  000094  0040               	dw	ivt0x8_undefint shr (0+2)
  1086                           
  1087                           ; Vector 71 : SCAN
  1088  000096  0040               	dw	ivt0x8_undefint shr (0+2)
  1089                           
  1090                           ; Vector 72 : U3RX
  1091  000098  0040               	dw	ivt0x8_undefint shr (0+2)
  1092                           
  1093                           ; Vector 73 : U3TX
  1094  00009A  0040               	dw	ivt0x8_undefint shr (0+2)
  1095                           
  1096                           ; Vector 74 : U3E
  1097  00009C  0040               	dw	ivt0x8_undefint shr (0+2)
  1098                           
  1099                           ; Vector 75 : U3
  1100  00009E  0040               	dw	ivt0x8_undefint shr (0+2)
  1101                           
  1102                           ; Vector 76 : Undefined
  1103  0000A0  0040               	dw	ivt0x8_undefint shr (0+2)
  1104                           
  1105                           ; Vector 77 : CLC4
  1106  0000A2  0040               	dw	ivt0x8_undefint shr (0+2)
  1107                           
  1108                           ; Vector 78 : Undefined
  1109  0000A4  0040               	dw	ivt0x8_undefint shr (0+2)
  1110                           
  1111                           ; Vector 79 : Undefined
  1112  0000A6  0040               	dw	ivt0x8_undefint shr (0+2)
  1113                           
  1114                           ; Vector 80 : INT2
  1115  0000A8  0040               	dw	ivt0x8_undefint shr (0+2)
  1116                           
  1117                           ; Vector 81 : CLC5
  1118  0000AA  0040               	dw	ivt0x8_undefint shr (0+2)
  1119                           
  1120                           ; Vector 82 : CWG2
  1121  0000AC  0040               	dw	ivt0x8_undefint shr (0+2)
  1122                           
  1123                           ; Vector 83 : NCO2
  1124  0000AE  0040               	dw	ivt0x8_undefint shr (0+2)
  1125                           
  1126                           ; Vector 84 : DMA3SCNT
  1127  0000B0  0040               	dw	ivt0x8_undefint shr (0+2)
  1128                           
  1129                           ; Vector 85 : DMA3DCNT
  1130  0000B2  0040               	dw	ivt0x8_undefint shr (0+2)
  1131                           
  1132                           ; Vector 86 : DMA3OR
  1133  0000B4  0040               	dw	ivt0x8_undefint shr (0+2)
  1134                           
  1135                           ; Vector 87 : DMA3A
  1136  0000B6  0040               	dw	ivt0x8_undefint shr (0+2)
  1137                           
  1138                           ; Vector 88 : CCP3
  1139  0000B8  0040               	dw	ivt0x8_undefint shr (0+2)
  1140                           
  1141                           ; Vector 89 : CLC6
  1142  0000BA  0040               	dw	ivt0x8_undefint shr (0+2)
  1143                           
  1144                           ; Vector 90 : CWG3
  1145  0000BC  0040               	dw	ivt0x8_undefint shr (0+2)
  1146                           
  1147                           ; Vector 91 : TMR4
  1148  0000BE  0040               	dw	ivt0x8_undefint shr (0+2)
  1149                           
  1150                           ; Vector 92 : DMA4SCNT
  1151  0000C0  0040               	dw	ivt0x8_undefint shr (0+2)
  1152                           
  1153                           ; Vector 93 : DMA4DCNT
  1154  0000C2  0040               	dw	ivt0x8_undefint shr (0+2)
  1155                           
  1156                           ; Vector 94 : DMA4OR
  1157  0000C4  0040               	dw	ivt0x8_undefint shr (0+2)
  1158                           
  1159                           ; Vector 95 : DMA4A
  1160  0000C6  0040               	dw	ivt0x8_undefint shr (0+2)
  1161                           
  1162                           ; Vector 96 : U4RX
  1163  0000C8  0040               	dw	ivt0x8_undefint shr (0+2)
  1164                           
  1165                           ; Vector 97 : U4TX
  1166  0000CA  0040               	dw	ivt0x8_undefint shr (0+2)
  1167                           
  1168                           ; Vector 98 : U4E
  1169  0000CC  0040               	dw	ivt0x8_undefint shr (0+2)
  1170                           
  1171                           ; Vector 99 : U4
  1172  0000CE  0040               	dw	ivt0x8_undefint shr (0+2)
  1173                           
  1174                           ; Vector 100 : DMA5SCNT
  1175  0000D0  0040               	dw	ivt0x8_undefint shr (0+2)
  1176                           
  1177                           ; Vector 101 : DMA5DCNT
  1178  0000D2  0040               	dw	ivt0x8_undefint shr (0+2)
  1179                           
  1180                           ; Vector 102 : DMA5OR
  1181  0000D4  0040               	dw	ivt0x8_undefint shr (0+2)
  1182                           
  1183                           ; Vector 103 : DMA5A
  1184  0000D6  0040               	dw	ivt0x8_undefint shr (0+2)
  1185                           
  1186                           ; Vector 104 : U5RX
  1187  0000D8  0040               	dw	ivt0x8_undefint shr (0+2)
  1188                           
  1189                           ; Vector 105 : U5TX
  1190  0000DA  0040               	dw	ivt0x8_undefint shr (0+2)
  1191                           
  1192                           ; Vector 106 : U5E
  1193  0000DC  0040               	dw	ivt0x8_undefint shr (0+2)
  1194                           
  1195                           ; Vector 107 : U5
  1196  0000DE  0040               	dw	ivt0x8_undefint shr (0+2)
  1197                           
  1198                           ; Vector 108 : DMA6SCNT
  1199  0000E0  0040               	dw	ivt0x8_undefint shr (0+2)
  1200                           
  1201                           ; Vector 109 : DMA6DCNT
  1202  0000E2  0040               	dw	ivt0x8_undefint shr (0+2)
  1203                           
  1204                           ; Vector 110 : DMA6OR
  1205  0000E4  0040               	dw	ivt0x8_undefint shr (0+2)
  1206                           
  1207                           ; Vector 111 : DMA6A
  1208  0000E6  0040               	dw	ivt0x8_undefint shr (0+2)
  1209                           
  1210                           ; Vector 112 : Undefined
  1211  0000E8  0040               	dw	ivt0x8_undefint shr (0+2)
  1212                           
  1213                           ; Vector 113 : CLC7
  1214  0000EA  0040               	dw	ivt0x8_undefint shr (0+2)
  1215                           
  1216                           ; Vector 114 : CMP2
  1217  0000EC  0040               	dw	ivt0x8_undefint shr (0+2)
  1218                           
  1219                           ; Vector 115 : NCO3
  1220  0000EE  0040               	dw	ivt0x8_undefint shr (0+2)
  1221                           
  1222                           ; Vector 116 : Undefined
  1223  0000F0  0040               	dw	ivt0x8_undefint shr (0+2)
  1224                           
  1225                           ; Vector 117 : Undefined
  1226  0000F2  0040               	dw	ivt0x8_undefint shr (0+2)
  1227                           
  1228                           ; Vector 118 : Undefined
  1229  0000F4  0040               	dw	ivt0x8_undefint shr (0+2)
  1230                           
  1231                           ; Vector 119 : Undefined
  1232  0000F6  0040               	dw	ivt0x8_undefint shr (0+2)
  1233                           
  1234                           ; Vector 120 : NVM
  1235  0000F8  0040               	dw	ivt0x8_undefint shr (0+2)
  1236                           
  1237                           ; Vector 121 : CLC8
  1238  0000FA  0040               	dw	ivt0x8_undefint shr (0+2)
  1239                           
  1240                           ; Vector 122 : CRC
  1241  0000FC  0040               	dw	ivt0x8_undefint shr (0+2)
  1242                           
  1243                           ; Vector 123 : TMR6
  1244  0000FE  0040               	dw	ivt0x8_undefint shr (0+2)
  1245  000100                     ivt0x8_undefint:
  1246                           	opt callstack 0
  1247  000100  00FF               	reset	
  1248  0000                     
  1249                           	psect	rparam
  1250  0000                     tosu	equ	0x4FF
  1251                           tosh	equ	0x4FE
  1252                           tosl	equ	0x4FD
  1253                           stkptr	equ	0x4FC
  1254                           pclatu	equ	0x4FB
  1255                           pclath	equ	0x4FA
  1256                           pcl	equ	0x4F9
  1257                           tblptru	equ	0x4F8
  1258                           tblptrh	equ	0x4F7
  1259                           tblptrl	equ	0x4F6
  1260                           tablat	equ	0x4F5
  1261                           prodh	equ	0x4F4
  1262                           prodl	equ	0x4F3
  1263                           indf0	equ	0x4EF
  1264                           postinc0	equ	0x4EE
  1265                           postdec0	equ	0x4ED
  1266                           preinc0	equ	0x4EC
  1267                           plusw0	equ	0x4EB
  1268                           fsr0h	equ	0x4EA
  1269                           fsr0l	equ	0x4E9
  1270                           wreg	equ	0x4E8
  1271                           indf1	equ	0x4E7
  1272                           postinc1	equ	0x4E6
  1273                           postdec1	equ	0x4E5
  1274                           preinc1	equ	0x4E4
  1275                           plusw1	equ	0x4E3
  1276                           fsr1h	equ	0x4E2
  1277                           fsr1l	equ	0x4E1
  1278                           bsr	equ	0x4E0
  1279                           indf2	equ	0x4DF
  1280                           postinc2	equ	0x4DE
  1281                           postdec2	equ	0x4DD
  1282                           preinc2	equ	0x4DC
  1283                           plusw2	equ	0x4DB
  1284                           fsr2h	equ	0x4DA
  1285                           fsr2l	equ	0x4D9
  1286                           status	equ	0x4D8


Data Sizes:
    Strings     0
    Constant    0
    Data        14
    BSS         0
    Persistent  0
    Stack       0

Auto Spaces:
    Space          Size  Autos    Used
    COMRAM           95     19      33
    BANK5           160      0       0
    BANK6           256      0       0
    BANK7           256      0       0
    BANK8           256      0       0
    BANK9           256      0       0
    BANK10          256      0       0
    BANK11          256      0       0
    BANK12          256      0       0
    BANK13          256      0       0
    BANK14          256      0       0
    BANK15          256      0       0
    BANK16          256      0       0
    BANK17          256      0       0
    BANK18          256      0       0
    BANK19          256      0       0
    BANK20          256      0       0
    BANK21          256      0       0
    BANK22          256      0       0
    BANK23          256      0       0
    BANK24          256      0       0
    BANK25          256      0       0
    BANK26          256      0       0
    BANK27          256      0       0
    BANK28          256      0       0
    BANK29          256      0       0
    BANK30          256      0       0
    BANK31          256      0       0
    BANK32          256      0       0
    BANK33          256      0       0
    BANK34          256      0       0
    BANK35          256      0       0
    BANK36          256      0       0

Pointer List with Targets:

    None.

Critical Paths under _main in COMRAM

    None.

Critical Paths under _Default_ISR_3 in COMRAM

    None.

Critical Paths under _main in BANK5

    None.

Critical Paths under _Default_ISR_3 in BANK5

    None.

Critical Paths under _main in BANK6

    None.

Critical Paths under _Default_ISR_3 in BANK6

    None.

Critical Paths under _main in BANK7

    None.

Critical Paths under _Default_ISR_3 in BANK7

    None.

Critical Paths under _main in BANK8

    None.

Critical Paths under _Default_ISR_3 in BANK8

    None.

Critical Paths under _main in BANK9

    None.

Critical Paths under _Default_ISR_3 in BANK9

    None.

Critical Paths under _main in BANK10

    None.

Critical Paths under _Default_ISR_3 in BANK10

    None.

Critical Paths under _main in BANK11

    None.

Critical Paths under _Default_ISR_3 in BANK11

    None.

Critical Paths under _main in BANK12

    None.

Critical Paths under _Default_ISR_3 in BANK12

    None.

Critical Paths under _main in BANK13

    None.

Critical Paths under _Default_ISR_3 in BANK13

    None.

Critical Paths under _main in BANK14

    None.

Critical Paths under _Default_ISR_3 in BANK14

    None.

Critical Paths under _main in BANK15

    None.

Critical Paths under _Default_ISR_3 in BANK15

    None.

Critical Paths under _main in BANK16

    None.

Critical Paths under _Default_ISR_3 in BANK16

    None.

Critical Paths under _main in BANK17

    None.

Critical Paths under _Default_ISR_3 in BANK17

    None.

Critical Paths under _main in BANK18

    None.

Critical Paths under _Default_ISR_3 in BANK18

    None.

Critical Paths under _main in BANK19

    None.

Critical Paths under _Default_ISR_3 in BANK19

    None.

Critical Paths under _main in BANK20

    None.

Critical Paths under _Default_ISR_3 in BANK20

    None.

Critical Paths under _main in BANK21

    None.

Critical Paths under _Default_ISR_3 in BANK21

    None.

Critical Paths under _main in BANK22

    None.

Critical Paths under _Default_ISR_3 in BANK22

    None.

Critical Paths under _main in BANK23

    None.

Critical Paths under _Default_ISR_3 in BANK23

    None.

Critical Paths under _main in BANK24

    None.

Critical Paths under _Default_ISR_3 in BANK24

    None.

Critical Paths under _main in BANK25

    None.

Critical Paths under _Default_ISR_3 in BANK25

    None.

Critical Paths under _main in BANK26

    None.

Critical Paths under _Default_ISR_3 in BANK26

    None.

Critical Paths under _main in BANK27

    None.

Critical Paths under _Default_ISR_3 in BANK27

    None.

Critical Paths under _main in BANK28

    None.

Critical Paths under _Default_ISR_3 in BANK28

    None.

Critical Paths under _main in BANK29

    None.

Critical Paths under _Default_ISR_3 in BANK29

    None.

Critical Paths under _main in BANK30

    None.

Critical Paths under _Default_ISR_3 in BANK30

    None.

Critical Paths under _main in BANK31

    None.

Critical Paths under _Default_ISR_3 in BANK31

    None.

Critical Paths under _main in BANK32

    None.

Critical Paths under _Default_ISR_3 in BANK32

    None.

Critical Paths under _main in BANK33

    None.

Critical Paths under _Default_ISR_3 in BANK33

    None.

Critical Paths under _main in BANK34

    None.

Critical Paths under _Default_ISR_3 in BANK34

    None.

Critical Paths under _main in BANK35

    None.

Critical Paths under _Default_ISR_3 in BANK35

    None.

Critical Paths under _main in BANK36

    None.

Critical Paths under _Default_ISR_3 in BANK36

    None.

Call Graph Tables:

 ---------------------------------------------------------------------------------
 (Depth) Function   	        Calls       Base Space   Used Autos Params    Refs
 ---------------------------------------------------------------------------------
 (0) _main                                                19    19      0     120
                                              0 COMRAM    19    19      0
                 _initializeHardware
 ---------------------------------------------------------------------------------
 (1) _initializeHardware                                   0     0      0       0
                  _initializeADC_CLK
               _initializeInterrupts
               _initializeOscillator
                     _initializeUART
 ---------------------------------------------------------------------------------
 (2) _initializeUART                                       0     0      0       0
 ---------------------------------------------------------------------------------
 (2) _initializeOscillator                                 0     0      0       0
 ---------------------------------------------------------------------------------
 (2) _initializeInterrupts                                 0     0      0       0
 ---------------------------------------------------------------------------------
 (2) _initializeADC_CLK                                    0     0      0       0
 ---------------------------------------------------------------------------------
 Estimated maximum stack depth 2
 ---------------------------------------------------------------------------------
 (Depth) Function   	        Calls       Base Space   Used Autos Params    Refs
 ---------------------------------------------------------------------------------
 (3) _Default_ISR_3                                        0     0      0       0
 ---------------------------------------------------------------------------------
 Estimated maximum stack depth 3
 ---------------------------------------------------------------------------------

 Call Graph Graphs:

 _main (ROOT)
   _initializeHardware
     _initializeADC_CLK
     _initializeInterrupts
     _initializeOscillator
     _initializeUART

 _Default_ISR_3 (ROOT)

 Address spaces:
Name               Size   Autos  Total    Cost      Usage
BIGRAM            1FFF      0       0      69        0.0%
EEDATA             400      0       0       0        0.0%
BITBANK36          100      0       0      67        0.0%
BANK36             100      0       0      68        0.0%
BITBANK35          100      0       0      65        0.0%
BANK35             100      0       0      66        0.0%
BITBANK34          100      0       0      63        0.0%
BANK34             100      0       0      64        0.0%
BITBANK33          100      0       0      61        0.0%
BANK33             100      0       0      62        0.0%
BITBANK32          100      0       0      59        0.0%
BANK32             100      0       0      60        0.0%
BITBANK31          100      0       0      57        0.0%
BANK31             100      0       0      58        0.0%
BITBANK30          100      0       0      55        0.0%
BANK30             100      0       0      56        0.0%
BITBANK29          100      0       0      53        0.0%
BANK29             100      0       0      54        0.0%
BITBANK28          100      0       0      51        0.0%
BANK28             100      0       0      52        0.0%
BITBANK27          100      0       0      49        0.0%
BANK27             100      0       0      50        0.0%
BITBANK26          100      0       0      47        0.0%
BANK26             100      0       0      48        0.0%
BITBANK25          100      0       0      45        0.0%
BANK25             100      0       0      46        0.0%
BITBANK24          100      0       0      43        0.0%
BANK24             100      0       0      44        0.0%
BITBANK23          100      0       0      41        0.0%
BANK23             100      0       0      42        0.0%
BITBANK22          100      0       0      39        0.0%
BANK22             100      0       0      40        0.0%
BITBANK21          100      0       0      37        0.0%
BANK21             100      0       0      38        0.0%
BITBANK20          100      0       0      35        0.0%
BANK20             100      0       0      36        0.0%
BITBANK19          100      0       0      33        0.0%
BANK19             100      0       0      34        0.0%
BITBANK18          100      0       0      31        0.0%
BANK18             100      0       0      32        0.0%
BITBANK17          100      0       0      29        0.0%
BANK17             100      0       0      30        0.0%
BITBANK16          100      0       0      27        0.0%
BANK16             100      0       0      28        0.0%
BITBANK15          100      0       0      25        0.0%
BANK15             100      0       0      26        0.0%
BITBANK14          100      0       0      23        0.0%
BANK14             100      0       0      24        0.0%
BITBANK13          100      0       0      21        0.0%
BANK13             100      0       0      22        0.0%
BITBANK12          100      0       0      19        0.0%
BANK12             100      0       0      20        0.0%
BITBANK11          100      0       0      17        0.0%
BANK11             100      0       0      18        0.0%
BITBANK10          100      0       0      15        0.0%
BANK10             100      0       0      16        0.0%
BITBANK9           100      0       0      13        0.0%
BANK9              100      0       0      14        0.0%
BITBANK8           100      0       0      11        0.0%
BANK8              100      0       0      12        0.0%
BITBANK7           100      0       0       9        0.0%
BANK7              100      0       0      10        0.0%
BITBANK6           100      0       0       7        0.0%
BANK6              100      0       0       8        0.0%
BITBANK5            A0      0       0       4        0.0%
BANK5               A0      0       0       5        0.0%
BITCOMRAM           5F      0       0       0        0.0%
COMRAM              5F     13      21       1       34.7%
BITSFR_5             0      0       0     200        0.0%
SFR_5                0      0       0     200        0.0%
BITSFR_4             0      0       0     200        0.0%
SFR_4                0      0       0     200        0.0%
BITSFR_3             0      0       0     200        0.0%
SFR_3                0      0       0     200        0.0%
BITSFR_2             0      0       0     200        0.0%
SFR_2                0      0       0     200        0.0%
BITSFR_1             0      0       0     200        0.0%
SFR_1                0      0       0     200        0.0%
BITSFR               0      0       0     200        0.0%
SFR                  0      0       0     200        0.0%
STACK                0      0       0       2        0.0%
NULL                 0      0       0       0        0.0%
ABS                  0      0      21       6        0.0%
DATA                 0      0      21       3        0.0%
CODE                 0      0       0       0        0.0%


Microchip Technology PIC18 Macro Assembler V2.10 build 88905656 
Symbol Table                                                                                   Fri Jan 31 00:13:27 2020

                  __CFG_CP$OFF 000000                             l22 0128                             l26 0168  
                           l29 0174                             u11 0110                             u20 0136  
                           u21 0132                             u30 0168                             u31 0164  
                           u40 0182                             u41 017E                             u50 01B4  
                           u51 01B0                    __CFG_LVP$ON 000000                            l120 02BC  
                          l123 0270                            l132 02D8                            l126 0208  
                          l129 0298                            l810 0248                            l820 0268  
                          l812 0254                            l900 0198                            l830 01D8  
                          l822 026A                            l814 0256                            l840 01E2  
                          l832 01DA                            l824 026C                            l816 0264  
                          l808 023E                            l850 01EC                            l842 01E4  
                          l834 01DC                            l826 026E                            l818 0266  
                          l852 0202                            l844 01E6                            l836 01DE  
                          l828 01BC                            l860 02BE                            l854 0204  
                          l846 01E8                            l838 01E0                            l862 02C6  
                          l870 029A                            l856 0206                            l848 01EA  
                          l864 02CA                            l872 02A2                            l858 0272  
                          l866 02D4                            l874 02AC                            l890 0148  
                          l882 0106                            l868 02D6                            l876 02B0  
                          l892 014C                            l884 0118                            l878 02B4  
                          l894 0168                            l886 011C                            l896 0182  
                          l888 0136                            l898 0194                            wreg 0004E8  
                __CFG_BBEN$OFF 000000                   __CFG_ZCD$OFF 000000               ??_initializeUART 0501  
                         i1l13 02EC                  __CFG_FCMEN$ON 000000                           _main 0106  
                         indf2 0004DF                           fsr1l 0004E1                           fsr2l 0004D9  
                         start 0102                  __CFG_CSWEN$ON 000000                   ___param_bank 000000  
       ??_initializeInterrupts 0501    __size_of_initializeHardware 0024                          ?_main 0501  
                __CFG_WDTE$OFF 000000                 __CFG_DEBUG$OFF 000000                          _U1TXB 0002A3  
                        i1l880 02E8                  __CFG_WRTB$OFF 000000                  __CFG_WRTC$OFF 000000  
                __CFG_WRTD$OFF 000000         ??_initializeOscillator 0501             __CFG_MCLRE$EXTMCLR 000000  
                        main@i 0510                          tablat 0004F5                          plusw1 0004E3  
                        plusw2 0004DB                          status 0004D8                __initialization 020A  
                 __end_of_main 01BC                 __CFG_SAFEN$OFF 000000                         ??_main 0501  
               __CFG_PR1WAY$ON 000000                  __activetblptr 000000                 __CFG_MVECEN$ON 000000  
                       _RB0PPS 000209                         _RB4PPS 00020D                 __CFG_WDTCCS$SC 000000  
               __CFG_XINST$OFF 000000                 __CFG_STVREN$ON 000000                   __pdataCOMRAM 0514  
                       tblptrh 0004F7                         tblptrl 0004F6                         tblptru 0004F8  
                   __accesstop 0560        __end_of__initialization 0238                  ___rparam_used 000001  
               __pcstackCOMRAM 0501         __size_of_Default_ISR_3 0006                 ivt0x8_undefint 0100  
              __CFG_IVT1WAY$ON 000000              _initializeADC_CLK 01BC             ?_initializeADC_CLK 0501  
                      IVTBASEH 00045E                        IVTBASEL 00045D                        IVTBASEU 00045F  
          ??_initializeADC_CLK 0501                __CFG_PPS1WAY$ON 000000            __CFG_PWRTS$PWRT_OFF 000000  
    __end_of_initializeADC_CLK 020A                  _Default_ISR_3 02E8                        __Hparam 0000  
                      __Lparam 0000     __CFG_RSTOSC$HFINTOSC_64MHZ 000000     __end_of_initializeHardware 02BE  
__size_of_initializeInterrupts 0028                        __pcinit 020A                        __ramtop 2500  
                      __ptext0 0106                        __ptext1 029A                        __ptext2 02BE  
                      __ptext3 023E                        __ptext4 0272                        __ptext5 01BC  
                      __ptext6 02E8                __CFG_WRTAPP$OFF 000000                __CFG_WRTSAF$OFF 000000  
                    _IOCBFbits 00040F                      _IOCBNbits 00040E                 ?_Default_ISR_3 0501  
         end_of_initialization 0238  __size_of_initializeOscillator 0034                      _OSCENbits 0000B3  
      __size_of_initializeUART 001C                        postdec1 0004E5                        postinc0 0004EE  
                   main@F16208 0514          __CFG_WDTCPS$WDTCPS_31 000000                      _PWMENbits 00049D  
                    _TRISBbits 0004C7     __size_of_initializeADC_CLK 004E               __CFG_FEXTOSC$OFF 000000  
                __pidataCOMRAM 02DA                  _PWM1S1CFGbits 00046A                  _PWM1S1P1Hbits 00046C  
                _PWM1S1P2Hbits 00046E                  _PWM1S1P1Lbits 00046B                  _PWM1S1P2Lbits 00046D  
          start_initialization 020A                ??_Default_ISR_3 0501                     ivt0x8_base 0008  
             __CFG_LPBOREN$OFF 000000                  _PWM1PIPOSbits 000466                 _initializeUART 02BE  
              main@hello_world 0501         __CFG_BBSIZE$BBSIZE_512 000000             _initializeHardware 029A  
 __end_of_initializeInterrupts 029A            ?_initializeHardware 0501                       _IPR0bits 000362  
                     _PIE0bits 00049E         __end_of_initializeUART 02DA                       _PIR4bits 0004B2  
 __end_of_initializeOscillator 0272           ??_initializeHardware 0501                    _INTCON0bits 0004D6  
                    copy_data0 021E                     _ACTCONbits 0000AC                   _PWM1CPREbits 000465  
              ?_initializeUART 0501                       __Hrparam 0000                       __Lrparam 0000  
           __CFG_BOREN$SBORDIS 000000                    _SHADCONbits 000376                     _ANSELBbits 000408  
                     __pivt0x8 0008                     _U1CON0bits 0002AB                     _U1CON1bits 0002AC  
                   _U1BRGHbits 0002AF                     _U1BRGLbits 0002AE                    _OSCCON1bits 0000AD  
                  _OSCCON3bits 0000AF                  __size_of_main 00B6           __CFG_WDTCWS$WDTCWS_7 000000  
                  _IVTLOCKbits 000459             __CFG_BORV$VBOR_1P9 000000                       main@i_98 0512  
         _initializeInterrupts 0272                    _OSCTUNEbits 0000B0                    _PWM1CLKbits 000461  
                  _PWM1GIEbits 000468                    _PWM1CONbits 000469                    _PWM1GIRbits 000467  
                  _PWM1ERSbits 000460                    _PWM1LDSbits 000462          __end_of_Default_ISR_3 02EE  
                  _PWM1PRHbits 000464           _initializeOscillator 023E                    _PWM1PRLbits 000463  
                     intlevel1 0000              __CFG_CLKOUTEN$OFF 000000                     _OSCFRQbits 0000B1  
        ?_initializeInterrupts 0501                    _PWMLOADbits 00049C          ?_initializeOscillator 0501  
